<?xml version="1.0" encoding="UTF-8"?>
<!-- Generated by org.testng.reporters.JUnitReportReporter -->
<testsuite hostname="Radmila-PC" name="cz.cron.CronCheckerTest" tests="6" failures="0" timestamp="17 Mar 2015 05:48:12 GMT" time="0.749" errors="0">
  <testcase name="testNickNames" time="0.654" classname="cz.cron.CronCheckerTest"/>
  <testcase name="testWillRun" time="0.017" classname="cz.cron.CronCheckerTest"/>
  <testcase name="testWillRunWeekDay" time="0.030" classname="cz.cron.CronCheckerTest"/>
  <testcase name="testWillRunMoreIntervals" time="0.013" classname="cz.cron.CronCheckerTest"/>
  <testcase name="testWillRunIntervalWithStep" time="0.005" classname="cz.cron.CronCheckerTest"/>
  <testcase name="testWillRunSundays" time="0.030" classname="cz.cron.CronCheckerTest"/>
</testsuite> <!-- cz.cron.CronCheckerTest -->
