<?xml version="1.0" encoding="UTF-8"?>
<!-- Generated by org.testng.reporters.JUnitReportReporter -->
<testsuite hostname="Radmila-PC" name="cz.cron.field.FieldTest" tests="8" failures="0" timestamp="16 Mar 2015 20:12:18 GMT" time="0,007" errors="0">
  <testcase name="testParseIncrementInterval" time="0,001" classname="cz.cron.field.FieldTest"/>
  <testcase name="testParseEnumeration" time="0,001" classname="cz.cron.field.FieldTest"/>
  <testcase name="testParseListOfIntervals" time="0,000" classname="cz.cron.field.FieldTest"/>
  <testcase name="testParseMonthInterval" time="0,001" classname="cz.cron.field.FieldTest"/>
  <testcase name="testParseMonthEnumeration" time="0,001" classname="cz.cron.field.FieldTest"/>
  <testcase name="testParseInterval" time="0,001" classname="cz.cron.field.FieldTest"/>
  <testcase name="testParseEvery" time="0,001" classname="cz.cron.field.FieldTest"/>
  <testcase name="testParseIncrement" time="0,001" classname="cz.cron.field.FieldTest"/>
</testsuite>
