<?xml version="1.0" encoding="UTF-8"?>
<!-- Generated by org.testng.reporters.JUnitReportReporter -->
<testsuite hostname="Radmila-PC" name="cz.cron.CronCheckerTest" tests="2" failures="0" timestamp="16 Mar 2015 20:12:18 GMT" time="0,294" errors="0">
  <testcase name="testWillRunIntervalWithStep" time="0,283" classname="cz.cron.CronCheckerTest"/>
  <testcase name="testWillRunSundays" time="0,011" classname="cz.cron.CronCheckerTest"/>
</testsuite>
